<?xml version="1.0" encoding="UTF-8"?>
<testsuite xmlns:xsi="http://www.w3.org/2001/XMLSchema-instance" xsi:noNamespaceSchemaLocation="https://maven.apache.org/surefire/maven-surefire-plugin/xsd/surefire-test-report.xsd" name="cn.itcast.mapper.UserMapperTest" time="6.551" tests="1" errors="0" skipped="0" failures="0">
  <properties>
    <property name="sun.desktop" value="windows"/>
    <property name="awt.toolkit" value="sun.awt.windows.WToolkit"/>
    <property name="file.encoding.pkg" value="sun.io"/>
    <property name="java.specification.version" value="1.8"/>
    <property name="sun.cpu.isalist" value="amd64"/>
    <property name="sun.jnu.encoding" value="GBK"/>
    <property name="java.class.path" value="D:\my_java\springboot-demo\target\test-classes;D:\my_java\springboot-demo\target\classes;G:\mavencangku352\maven_repository\org\springframework\boot\spring-boot-starter-web\2.0.4.RELEASE\spring-boot-starter-web-2.0.4.RELEASE.jar;G:\mavencangku352\maven_repository\org\springframework\boot\spring-boot-starter\2.0.4.RELEASE\spring-boot-starter-2.0.4.RELEASE.jar;G:\mavencangku352\maven_repository\org\springframework\boot\spring-boot\2.0.4.RELEASE\spring-boot-2.0.4.RELEASE.jar;G:\mavencangku352\maven_repository\org\springframework\boot\spring-boot-autoconfigure\2.0.4.RELEASE\spring-boot-autoconfigure-2.0.4.RELEASE.jar;G:\mavencangku352\maven_repository\org\springframework\boot\spring-boot-starter-logging\2.0.4.RELEASE\spring-boot-starter-logging-2.0.4.RELEASE.jar;G:\mavencangku352\maven_repository\ch\qos\logback\logback-classic\1.2.3\logback-classic-1.2.3.jar;G:\mavencangku352\maven_repository\ch\qos\logback\logback-core\1.2.3\logback-core-1.2.3.jar;G:\mavencangku352\maven_repository\org\apache\logging\log4j\log4j-to-slf4j\2.10.0\log4j-to-slf4j-2.10.0.jar;G:\mavencangku352\maven_repository\org\apache\logging\log4j\log4j-api\2.10.0\log4j-api-2.10.0.jar;G:\mavencangku352\maven_repository\org\slf4j\jul-to-slf4j\1.7.25\jul-to-slf4j-1.7.25.jar;G:\mavencangku352\maven_repository\javax\annotation\javax.annotation-api\1.3.2\javax.annotation-api-1.3.2.jar;G:\mavencangku352\maven_repository\org\yaml\snakeyaml\1.19\snakeyaml-1.19.jar;G:\mavencangku352\maven_repository\org\springframework\boot\spring-boot-starter-json\2.0.4.RELEASE\spring-boot-starter-json-2.0.4.RELEASE.jar;G:\mavencangku352\maven_repository\com\fasterxml\jackson\core\jackson-databind\2.9.6\jackson-databind-2.9.6.jar;G:\mavencangku352\maven_repository\com\fasterxml\jackson\core\jackson-annotations\2.9.0\jackson-annotations-2.9.0.jar;G:\mavencangku352\maven_repository\com\fasterxml\jackson\core\jackson-core\2.9.6\jackson-core-2.9.6.jar;G:\mavencangku352\maven_repository\com\fasterxml\jackson\datatype\jackson-datatype-jdk8\2.9.6\jackson-datatype-jdk8-2.9.6.jar;G:\mavencangku352\maven_repository\com\fasterxml\jackson\datatype\jackson-datatype-jsr310\2.9.6\jackson-datatype-jsr310-2.9.6.jar;G:\mavencangku352\maven_repository\com\fasterxml\jackson\module\jackson-module-parameter-names\2.9.6\jackson-module-parameter-names-2.9.6.jar;G:\mavencangku352\maven_repository\org\springframework\boot\spring-boot-starter-tomcat\2.0.4.RELEASE\spring-boot-starter-tomcat-2.0.4.RELEASE.jar;G:\mavencangku352\maven_repository\org\apache\tomcat\embed\tomcat-embed-core\8.5.32\tomcat-embed-core-8.5.32.jar;G:\mavencangku352\maven_repository\org\apache\tomcat\embed\tomcat-embed-el\8.5.32\tomcat-embed-el-8.5.32.jar;G:\mavencangku352\maven_repository\org\apache\tomcat\embed\tomcat-embed-websocket\8.5.32\tomcat-embed-websocket-8.5.32.jar;G:\mavencangku352\maven_repository\org\hibernate\validator\hibernate-validator\6.0.11.Final\hibernate-validator-6.0.11.Final.jar;G:\mavencangku352\maven_repository\javax\validation\validation-api\2.0.1.Final\validation-api-2.0.1.Final.jar;G:\mavencangku352\maven_repository\org\jboss\logging\jboss-logging\3.3.2.Final\jboss-logging-3.3.2.Final.jar;G:\mavencangku352\maven_repository\com\fasterxml\classmate\1.3.4\classmate-1.3.4.jar;G:\mavencangku352\maven_repository\org\springframework\spring-web\5.0.8.RELEASE\spring-web-5.0.8.RELEASE.jar;G:\mavencangku352\maven_repository\org\springframework\spring-beans\5.0.8.RELEASE\spring-beans-5.0.8.RELEASE.jar;G:\mavencangku352\maven_repository\org\springframework\spring-webmvc\5.0.8.RELEASE\spring-webmvc-5.0.8.RELEASE.jar;G:\mavencangku352\maven_repository\org\springframework\spring-aop\5.0.8.RELEASE\spring-aop-5.0.8.RELEASE.jar;G:\mavencangku352\maven_repository\org\springframework\spring-context\5.0.8.RELEASE\spring-context-5.0.8.RELEASE.jar;G:\mavencangku352\maven_repository\org\springframework\spring-expression\5.0.8.RELEASE\spring-expression-5.0.8.RELEASE.jar;G:\mavencangku352\maven_repository\org\projectlombok\lombok\1.16.22\lombok-1.16.22.jar;G:\mavencangku352\maven_repository\mysql\mysql-connector-java\5.1.6\mysql-connector-java-5.1.6.jar;G:\mavencangku352\maven_repository\tk\mybatis\mapper-spring-boot-starter\2.0.3\mapper-spring-boot-starter-2.0.3.jar;G:\mavencangku352\maven_repository\org\springframework\boot\spring-boot-starter-jdbc\2.0.4.RELEASE\spring-boot-starter-jdbc-2.0.4.RELEASE.jar;G:\mavencangku352\maven_repository\com\zaxxer\HikariCP\2.7.9\HikariCP-2.7.9.jar;G:\mavencangku352\maven_repository\org\springframework\spring-jdbc\5.0.8.RELEASE\spring-jdbc-5.0.8.RELEASE.jar;G:\mavencangku352\maven_repository\org\springframework\spring-tx\5.0.8.RELEASE\spring-tx-5.0.8.RELEASE.jar;G:\mavencangku352\maven_repository\org\mybatis\mybatis\3.4.6\mybatis-3.4.6.jar;G:\mavencangku352\maven_repository\org\mybatis\mybatis-spring\1.3.2\mybatis-spring-1.3.2.jar;G:\mavencangku352\maven_repository\tk\mybatis\mapper-core\1.0.4\mapper-core-1.0.4.jar;G:\mavencangku352\maven_repository\javax\persistence\persistence-api\1.0\persistence-api-1.0.jar;G:\mavencangku352\maven_repository\tk\mybatis\mapper-base\1.0.4\mapper-base-1.0.4.jar;G:\mavencangku352\maven_repository\tk\mybatis\mapper-weekend\1.1.3\mapper-weekend-1.1.3.jar;G:\mavencangku352\maven_repository\tk\mybatis\mapper-spring\1.0.4\mapper-spring-1.0.4.jar;G:\mavencangku352\maven_repository\tk\mybatis\mapper-extra\1.0.4\mapper-extra-1.0.4.jar;G:\mavencangku352\maven_repository\tk\mybatis\mapper-spring-boot-autoconfigure\2.0.3\mapper-spring-boot-autoconfigure-2.0.3.jar;G:\mavencangku352\maven_repository\org\springframework\boot\spring-boot-starter-test\2.0.4.RELEASE\spring-boot-starter-test-2.0.4.RELEASE.jar;G:\mavencangku352\maven_repository\org\springframework\boot\spring-boot-test\2.0.4.RELEASE\spring-boot-test-2.0.4.RELEASE.jar;G:\mavencangku352\maven_repository\org\springframework\boot\spring-boot-test-autoconfigure\2.0.4.RELEASE\spring-boot-test-autoconfigure-2.0.4.RELEASE.jar;G:\mavencangku352\maven_repository\com\jayway\jsonpath\json-path\2.4.0\json-path-2.4.0.jar;G:\mavencangku352\maven_repository\net\minidev\json-smart\2.3\json-smart-2.3.jar;G:\mavencangku352\maven_repository\net\minidev\accessors-smart\1.2\accessors-smart-1.2.jar;G:\mavencangku352\maven_repository\org\ow2\asm\asm\5.0.4\asm-5.0.4.jar;G:\mavencangku352\maven_repository\org\slf4j\slf4j-api\1.7.25\slf4j-api-1.7.25.jar;G:\mavencangku352\maven_repository\junit\junit\4.12\junit-4.12.jar;G:\mavencangku352\maven_repository\org\assertj\assertj-core\3.9.1\assertj-core-3.9.1.jar;G:\mavencangku352\maven_repository\org\mockito\mockito-core\2.15.0\mockito-core-2.15.0.jar;G:\mavencangku352\maven_repository\net\bytebuddy\byte-buddy\1.7.11\byte-buddy-1.7.11.jar;G:\mavencangku352\maven_repository\net\bytebuddy\byte-buddy-agent\1.7.11\byte-buddy-agent-1.7.11.jar;G:\mavencangku352\maven_repository\org\objenesis\objenesis\2.6\objenesis-2.6.jar;G:\mavencangku352\maven_repository\org\hamcrest\hamcrest-core\1.3\hamcrest-core-1.3.jar;G:\mavencangku352\maven_repository\org\hamcrest\hamcrest-library\1.3\hamcrest-library-1.3.jar;G:\mavencangku352\maven_repository\org\skyscreamer\jsonassert\1.5.0\jsonassert-1.5.0.jar;G:\mavencangku352\maven_repository\com\vaadin\external\google\android-json\0.0.20131108.vaadin1\android-json-0.0.20131108.vaadin1.jar;G:\mavencangku352\maven_repository\org\springframework\spring-core\5.0.8.RELEASE\spring-core-5.0.8.RELEASE.jar;G:\mavencangku352\maven_repository\org\springframework\spring-jcl\5.0.8.RELEASE\spring-jcl-5.0.8.RELEASE.jar;G:\mavencangku352\maven_repository\org\springframework\spring-test\5.0.8.RELEASE\spring-test-5.0.8.RELEASE.jar;G:\mavencangku352\maven_repository\org\xmlunit\xmlunit-core\2.5.1\xmlunit-core-2.5.1.jar;G:\mavencangku352\maven_repository\org\springframework\boot\spring-boot-starter-thymeleaf\2.0.4.RELEASE\spring-boot-starter-thymeleaf-2.0.4.RELEASE.jar;G:\mavencangku352\maven_repository\org\thymeleaf\thymeleaf-spring5\3.0.9.RELEASE\thymeleaf-spring5-3.0.9.RELEASE.jar;G:\mavencangku352\maven_repository\org\thymeleaf\thymeleaf\3.0.9.RELEASE\thymeleaf-3.0.9.RELEASE.jar;G:\mavencangku352\maven_repository\org\attoparser\attoparser\2.0.4.RELEASE\attoparser-2.0.4.RELEASE.jar;G:\mavencangku352\maven_repository\org\unbescape\unbescape\1.1.5.RELEASE\unbescape-1.1.5.RELEASE.jar;G:\mavencangku352\maven_repository\org\thymeleaf\extras\thymeleaf-extras-java8time\3.0.1.RELEASE\thymeleaf-extras-java8time-3.0.1.RELEASE.jar;"/>
    <property name="java.vm.vendor" value="Oracle Corporation"/>
    <property name="sun.arch.data.model" value="64"/>
    <property name="user.variant" value=""/>
    <property name="java.vendor.url" value="http://java.oracle.com/"/>
    <property name="user.timezone" value=""/>
    <property name="java.vm.specification.version" value="1.8"/>
    <property name="os.name" value="Windows 10"/>
    <property name="user.country" value="CN"/>
    <property name="sun.java.launcher" value="SUN_STANDARD"/>
    <property name="sun.boot.library.path" value="C:\Program Files\Java\jdk1.8.0_144\jre\bin"/>
    <property name="sun.java.command" value="C:\Users\52895\AppData\Local\Temp\surefire7633334078170246477\surefirebooter7535234004677026382.jar C:\Users\52895\AppData\Local\Temp\surefire7633334078170246477 2019-11-09T11-02-07_349-jvmRun1 surefire7474557641989153650tmp surefire_02532509987533610842tmp"/>
    <property name="surefire.test.class.path" value="D:\my_java\springboot-demo\target\test-classes;D:\my_java\springboot-demo\target\classes;G:\mavencangku352\maven_repository\org\springframework\boot\spring-boot-starter-web\2.0.4.RELEASE\spring-boot-starter-web-2.0.4.RELEASE.jar;G:\mavencangku352\maven_repository\org\springframework\boot\spring-boot-starter\2.0.4.RELEASE\spring-boot-starter-2.0.4.RELEASE.jar;G:\mavencangku352\maven_repository\org\springframework\boot\spring-boot\2.0.4.RELEASE\spring-boot-2.0.4.RELEASE.jar;G:\mavencangku352\maven_repository\org\springframework\boot\spring-boot-autoconfigure\2.0.4.RELEASE\spring-boot-autoconfigure-2.0.4.RELEASE.jar;G:\mavencangku352\maven_repository\org\springframework\boot\spring-boot-starter-logging\2.0.4.RELEASE\spring-boot-starter-logging-2.0.4.RELEASE.jar;G:\mavencangku352\maven_repository\ch\qos\logback\logback-classic\1.2.3\logback-classic-1.2.3.jar;G:\mavencangku352\maven_repository\ch\qos\logback\logback-core\1.2.3\logback-core-1.2.3.jar;G:\mavencangku352\maven_repository\org\apache\logging\log4j\log4j-to-slf4j\2.10.0\log4j-to-slf4j-2.10.0.jar;G:\mavencangku352\maven_repository\org\apache\logging\log4j\log4j-api\2.10.0\log4j-api-2.10.0.jar;G:\mavencangku352\maven_repository\org\slf4j\jul-to-slf4j\1.7.25\jul-to-slf4j-1.7.25.jar;G:\mavencangku352\maven_repository\javax\annotation\javax.annotation-api\1.3.2\javax.annotation-api-1.3.2.jar;G:\mavencangku352\maven_repository\org\yaml\snakeyaml\1.19\snakeyaml-1.19.jar;G:\mavencangku352\maven_repository\org\springframework\boot\spring-boot-starter-json\2.0.4.RELEASE\spring-boot-starter-json-2.0.4.RELEASE.jar;G:\mavencangku352\maven_repository\com\fasterxml\jackson\core\jackson-databind\2.9.6\jackson-databind-2.9.6.jar;G:\mavencangku352\maven_repository\com\fasterxml\jackson\core\jackson-annotations\2.9.0\jackson-annotations-2.9.0.jar;G:\mavencangku352\maven_repository\com\fasterxml\jackson\core\jackson-core\2.9.6\jackson-core-2.9.6.jar;G:\mavencangku352\maven_repository\com\fasterxml\jackson\datatype\jackson-datatype-jdk8\2.9.6\jackson-datatype-jdk8-2.9.6.jar;G:\mavencangku352\maven_repository\com\fasterxml\jackson\datatype\jackson-datatype-jsr310\2.9.6\jackson-datatype-jsr310-2.9.6.jar;G:\mavencangku352\maven_repository\com\fasterxml\jackson\module\jackson-module-parameter-names\2.9.6\jackson-module-parameter-names-2.9.6.jar;G:\mavencangku352\maven_repository\org\springframework\boot\spring-boot-starter-tomcat\2.0.4.RELEASE\spring-boot-starter-tomcat-2.0.4.RELEASE.jar;G:\mavencangku352\maven_repository\org\apache\tomcat\embed\tomcat-embed-core\8.5.32\tomcat-embed-core-8.5.32.jar;G:\mavencangku352\maven_repository\org\apache\tomcat\embed\tomcat-embed-el\8.5.32\tomcat-embed-el-8.5.32.jar;G:\mavencangku352\maven_repository\org\apache\tomcat\embed\tomcat-embed-websocket\8.5.32\tomcat-embed-websocket-8.5.32.jar;G:\mavencangku352\maven_repository\org\hibernate\validator\hibernate-validator\6.0.11.Final\hibernate-validator-6.0.11.Final.jar;G:\mavencangku352\maven_repository\javax\validation\validation-api\2.0.1.Final\validation-api-2.0.1.Final.jar;G:\mavencangku352\maven_repository\org\jboss\logging\jboss-logging\3.3.2.Final\jboss-logging-3.3.2.Final.jar;G:\mavencangku352\maven_repository\com\fasterxml\classmate\1.3.4\classmate-1.3.4.jar;G:\mavencangku352\maven_repository\org\springframework\spring-web\5.0.8.RELEASE\spring-web-5.0.8.RELEASE.jar;G:\mavencangku352\maven_repository\org\springframework\spring-beans\5.0.8.RELEASE\spring-beans-5.0.8.RELEASE.jar;G:\mavencangku352\maven_repository\org\springframework\spring-webmvc\5.0.8.RELEASE\spring-webmvc-5.0.8.RELEASE.jar;G:\mavencangku352\maven_repository\org\springframework\spring-aop\5.0.8.RELEASE\spring-aop-5.0.8.RELEASE.jar;G:\mavencangku352\maven_repository\org\springframework\spring-context\5.0.8.RELEASE\spring-context-5.0.8.RELEASE.jar;G:\mavencangku352\maven_repository\org\springframework\spring-expression\5.0.8.RELEASE\spring-expression-5.0.8.RELEASE.jar;G:\mavencangku352\maven_repository\org\projectlombok\lombok\1.16.22\lombok-1.16.22.jar;G:\mavencangku352\maven_repository\mysql\mysql-connector-java\5.1.6\mysql-connector-java-5.1.6.jar;G:\mavencangku352\maven_repository\tk\mybatis\mapper-spring-boot-starter\2.0.3\mapper-spring-boot-starter-2.0.3.jar;G:\mavencangku352\maven_repository\org\springframework\boot\spring-boot-starter-jdbc\2.0.4.RELEASE\spring-boot-starter-jdbc-2.0.4.RELEASE.jar;G:\mavencangku352\maven_repository\com\zaxxer\HikariCP\2.7.9\HikariCP-2.7.9.jar;G:\mavencangku352\maven_repository\org\springframework\spring-jdbc\5.0.8.RELEASE\spring-jdbc-5.0.8.RELEASE.jar;G:\mavencangku352\maven_repository\org\springframework\spring-tx\5.0.8.RELEASE\spring-tx-5.0.8.RELEASE.jar;G:\mavencangku352\maven_repository\org\mybatis\mybatis\3.4.6\mybatis-3.4.6.jar;G:\mavencangku352\maven_repository\org\mybatis\mybatis-spring\1.3.2\mybatis-spring-1.3.2.jar;G:\mavencangku352\maven_repository\tk\mybatis\mapper-core\1.0.4\mapper-core-1.0.4.jar;G:\mavencangku352\maven_repository\javax\persistence\persistence-api\1.0\persistence-api-1.0.jar;G:\mavencangku352\maven_repository\tk\mybatis\mapper-base\1.0.4\mapper-base-1.0.4.jar;G:\mavencangku352\maven_repository\tk\mybatis\mapper-weekend\1.1.3\mapper-weekend-1.1.3.jar;G:\mavencangku352\maven_repository\tk\mybatis\mapper-spring\1.0.4\mapper-spring-1.0.4.jar;G:\mavencangku352\maven_repository\tk\mybatis\mapper-extra\1.0.4\mapper-extra-1.0.4.jar;G:\mavencangku352\maven_repository\tk\mybatis\mapper-spring-boot-autoconfigure\2.0.3\mapper-spring-boot-autoconfigure-2.0.3.jar;G:\mavencangku352\maven_repository\org\springframework\boot\spring-boot-starter-test\2.0.4.RELEASE\spring-boot-starter-test-2.0.4.RELEASE.jar;G:\mavencangku352\maven_repository\org\springframework\boot\spring-boot-test\2.0.4.RELEASE\spring-boot-test-2.0.4.RELEASE.jar;G:\mavencangku352\maven_repository\org\springframework\boot\spring-boot-test-autoconfigure\2.0.4.RELEASE\spring-boot-test-autoconfigure-2.0.4.RELEASE.jar;G:\mavencangku352\maven_repository\com\jayway\jsonpath\json-path\2.4.0\json-path-2.4.0.jar;G:\mavencangku352\maven_repository\net\minidev\json-smart\2.3\json-smart-2.3.jar;G:\mavencangku352\maven_repository\net\minidev\accessors-smart\1.2\accessors-smart-1.2.jar;G:\mavencangku352\maven_repository\org\ow2\asm\asm\5.0.4\asm-5.0.4.jar;G:\mavencangku352\maven_repository\org\slf4j\slf4j-api\1.7.25\slf4j-api-1.7.25.jar;G:\mavencangku352\maven_repository\junit\junit\4.12\junit-4.12.jar;G:\mavencangku352\maven_repository\org\assertj\assertj-core\3.9.1\assertj-core-3.9.1.jar;G:\mavencangku352\maven_repository\org\mockito\mockito-core\2.15.0\mockito-core-2.15.0.jar;G:\mavencangku352\maven_repository\net\bytebuddy\byte-buddy\1.7.11\byte-buddy-1.7.11.jar;G:\mavencangku352\maven_repository\net\bytebuddy\byte-buddy-agent\1.7.11\byte-buddy-agent-1.7.11.jar;G:\mavencangku352\maven_repository\org\objenesis\objenesis\2.6\objenesis-2.6.jar;G:\mavencangku352\maven_repository\org\hamcrest\hamcrest-core\1.3\hamcrest-core-1.3.jar;G:\mavencangku352\maven_repository\org\hamcrest\hamcrest-library\1.3\hamcrest-library-1.3.jar;G:\mavencangku352\maven_repository\org\skyscreamer\jsonassert\1.5.0\jsonassert-1.5.0.jar;G:\mavencangku352\maven_repository\com\vaadin\external\google\android-json\0.0.20131108.vaadin1\android-json-0.0.20131108.vaadin1.jar;G:\mavencangku352\maven_repository\org\springframework\spring-core\5.0.8.RELEASE\spring-core-5.0.8.RELEASE.jar;G:\mavencangku352\maven_repository\org\springframework\spring-jcl\5.0.8.RELEASE\spring-jcl-5.0.8.RELEASE.jar;G:\mavencangku352\maven_repository\org\springframework\spring-test\5.0.8.RELEASE\spring-test-5.0.8.RELEASE.jar;G:\mavencangku352\maven_repository\org\xmlunit\xmlunit-core\2.5.1\xmlunit-core-2.5.1.jar;G:\mavencangku352\maven_repository\org\springframework\boot\spring-boot-starter-thymeleaf\2.0.4.RELEASE\spring-boot-starter-thymeleaf-2.0.4.RELEASE.jar;G:\mavencangku352\maven_repository\org\thymeleaf\thymeleaf-spring5\3.0.9.RELEASE\thymeleaf-spring5-3.0.9.RELEASE.jar;G:\mavencangku352\maven_repository\org\thymeleaf\thymeleaf\3.0.9.RELEASE\thymeleaf-3.0.9.RELEASE.jar;G:\mavencangku352\maven_repository\org\attoparser\attoparser\2.0.4.RELEASE\attoparser-2.0.4.RELEASE.jar;G:\mavencangku352\maven_repository\org\unbescape\unbescape\1.1.5.RELEASE\unbescape-1.1.5.RELEASE.jar;G:\mavencangku352\maven_repository\org\thymeleaf\extras\thymeleaf-extras-java8time\3.0.1.RELEASE\thymeleaf-extras-java8time-3.0.1.RELEASE.jar;"/>
    <property name="sun.cpu.endian" value="little"/>
    <property name="user.home" value="C:\Users\52895"/>
    <property name="user.language" value="zh"/>
    <property name="java.specification.vendor" value="Oracle Corporation"/>
    <property name="java.home" value="C:\Program Files\Java\jdk1.8.0_144\jre"/>
    <property name="basedir" value="D:\my_java\springboot-demo"/>
    <property name="file.separator" value="\"/>
    <property name="line.separator" value="&#10;"/>
    <property name="java.vm.specification.vendor" value="Oracle Corporation"/>
    <property name="java.specification.name" value="Java Platform API Specification"/>
    <property name="java.awt.graphicsenv" value="sun.awt.Win32GraphicsEnvironment"/>
    <property name="surefire.real.class.path" value="C:\Users\52895\AppData\Local\Temp\surefire7633334078170246477\surefirebooter7535234004677026382.jar"/>
    <property name="sun.boot.class.path" value="C:\Program Files\Java\jdk1.8.0_144\jre\lib\resources.jar;C:\Program Files\Java\jdk1.8.0_144\jre\lib\rt.jar;C:\Program Files\Java\jdk1.8.0_144\jre\lib\sunrsasign.jar;C:\Program Files\Java\jdk1.8.0_144\jre\lib\jsse.jar;C:\Program Files\Java\jdk1.8.0_144\jre\lib\jce.jar;C:\Program Files\Java\jdk1.8.0_144\jre\lib\charsets.jar;C:\Program Files\Java\jdk1.8.0_144\jre\lib\jfr.jar;C:\Program Files\Java\jdk1.8.0_144\jre\classes"/>
    <property name="user.script" value=""/>
    <property name="sun.management.compiler" value="HotSpot 64-Bit Tiered Compilers"/>
    <property name="java.runtime.version" value="1.8.0_144-b01"/>
    <property name="user.name" value="52895"/>
    <property name="path.separator" value=";"/>
    <property name="os.version" value="10.0"/>
    <property name="java.endorsed.dirs" value="C:\Program Files\Java\jdk1.8.0_144\jre\lib\endorsed"/>
    <property name="java.runtime.name" value="Java(TM) SE Runtime Environment"/>
    <property name="file.encoding" value="GBK"/>
    <property name="java.vm.name" value="Java HotSpot(TM) 64-Bit Server VM"/>
    <property name="localRepository" value="G:\mavencangku352\maven_repository"/>
    <property name="java.vendor.url.bug" value="http://bugreport.sun.com/bugreport/"/>
    <property name="java.io.tmpdir" value="C:\Users\52895\AppData\Local\Temp\"/>
    <property name="java.version" value="1.8.0_144"/>
    <property name="user.dir" value="D:\my_java\springboot-demo"/>
    <property name="os.arch" value="amd64"/>
    <property name="java.vm.specification.name" value="Java Virtual Machine Specification"/>
    <property name="java.awt.printerjob" value="sun.awt.windows.WPrinterJob"/>
    <property name="sun.os.patch.level" value=""/>
    <property name="idea.version2019.1" value="true"/>
    <property name="java.library.path" value="C:\Program Files\Java\jdk1.8.0_144\jre\bin;C:\WINDOWS\Sun\Java\bin;C:\WINDOWS\system32;C:\WINDOWS;C:\WINDOWS\system32;C:\WINDOWS;C:\WINDOWS\System32\Wbem;C:\WINDOWS\System32\WindowsPowerShell\v1.0\;C:\WINDOWS\System32\OpenSSH\;G:\apache-maven-3.5.2\bin;C:\Program Files\Java\jdk1.8.0_144\bin;C:\Program Files\Java\jdk1.8.0_144\jre\bin;C:\Program Files\dotnet\;C:\Program Files\Microsoft SQL Server\130\Tools\Binn\;C:\Program Files\Microsoft SQL Server\Client SDK\ODBC\130\Tools\Binn\;C:\Program Files (x86)\Microsoft SQL Server\130\Tools\Binn\;C:\Program Files\Microsoft SQL Server\130\DTS\Binn\;F:\mysql32\mysql-5.5.62-win32\bin;C:\Program Files (x86)\Microsoft SQL Server\Client SDK\ODBC\130\Tools\Binn\;C:\Program Files (x86)\Microsoft SQL Server\140\Tools\Binn\;C:\Program Files (x86)\Microsoft SQL Server\140\DTS\Binn\;C:\Program Files (x86)\Microsoft SQL Server\140\Tools\Binn\ManagementStudio\;G:\svnanzhuang\bin;G:\TortoiseSVN\bin;D:\nodejs\;D:\nodejs\node_global;C:\Program Files\Git\cmd;C:\Program Files\TortoiseGit\bin;C:\Program Files\Microsoft SQL Server Migration Assistant for MySQL\bin\;C:\Program Files\Microsoft SQL Server\Client SDK\ODBC\170\Tools\Binn\;C:\Program Files\VanDyke Software\Clients\;D:\Gradle4.1\gradle-4.1-all\gradle-4.1\bin;C:\Users\52895\AppData\Local\Microsoft\WindowsApps;C:\Users\52895\AppData\Roaming\npm;;."/>
    <property name="java.vm.info" value="mixed mode"/>
    <property name="java.vendor" value="Oracle Corporation"/>
    <property name="java.vm.version" value="25.144-b01"/>
    <property name="java.ext.dirs" value="C:\Program Files\Java\jdk1.8.0_144\jre\lib\ext;C:\WINDOWS\Sun\Java\lib\ext"/>
    <property name="sun.io.unicode.encoding" value="UnicodeLittle"/>
    <property name="maven.repo.local" value="G:\mavencangku352\maven_repository"/>
    <property name="java.class.version" value="52.0"/>
  </properties>
  <testcase name="testQuery" classname="cn.itcast.mapper.UserMapperTest" time="1.427"/>
</testsuite>